<?xml version="1.0" encoding="UTF-8"?>
<testng-results ignored="0" total="1" passed="1" failed="0" skipped="0">
  <reporter-output>
  </reporter-output>
  <suite started-at="2023-05-06T09:13:26 WAT" name="Default suite" finished-at="2023-05-06T09:13:46 WAT" duration-ms="19692">
    <groups>
    </groups>
    <test started-at="2023-05-06T09:13:26 WAT" name="Default test" finished-at="2023-05-06T09:13:46 WAT" duration-ms="19692">
      <class name="javaselfpractice.loginwithbeforemethod">
        <test-method is-config="true" signature="setup()[pri:0, instance:javaselfpractice.loginwithbeforemethod@505fc5a4]" started-at="2023-05-06T09:13:26 WAT" name="setup" finished-at="2023-05-06T09:13:42 WAT" duration-ms="15686" status="PASS">
          <reporter-output>
          </reporter-output>
        </test-method> <!-- setup -->
        <test-method signature="validLogin()[pri:1, instance:javaselfpractice.loginwithbeforemethod@505fc5a4]" started-at="2023-05-06T09:13:42 WAT" name="validLogin" finished-at="2023-05-06T09:13:45 WAT" duration-ms="3542" status="PASS">
          <reporter-output>
          </reporter-output>
        </test-method> <!-- validLogin -->
        <test-method is-config="true" signature="aftermytest()[pri:0, instance:javaselfpractice.loginwithbeforemethod@505fc5a4]" started-at="2023-05-06T09:13:45 WAT" name="aftermytest" finished-at="2023-05-06T09:13:46 WAT" duration-ms="401" status="PASS">
          <reporter-output>
          </reporter-output>
        </test-method> <!-- aftermytest -->
      </class> <!-- javaselfpractice.loginwithbeforemethod -->
    </test> <!-- Default test -->
  </suite> <!-- Default suite -->
</testng-results>
